0 info it worked if it ends with ok
1 verbose cli [ '/usr/bin/node', '/usr/bin/npm', 'run', 'testws' ]
2 info using npm@3.10.10
3 info using node@v6.14.3
4 verbose run-script [ 'pretestws', 'testws', 'posttestws' ]
5 info lifecycle eip-server@0.1.0~pretestws: eip-server@0.1.0
6 silly lifecycle eip-server@0.1.0~pretestws: no script for pretestws, continuing
7 info lifecycle eip-server@0.1.0~testws: eip-server@0.1.0
8 verbose lifecycle eip-server@0.1.0~testws: unsafe-perm in lifecycle true
9 verbose lifecycle eip-server@0.1.0~testws: PATH: /usr/lib/node_modules/npm/bin/node-gyp-bin:/home/xobtah/Projects/EIP-Server/node_modules/.bin:/home/xobtah/bin:/usr/local/bin:/usr/bin:/bin:/usr/local/games:/usr/games:/home/xobtah/bin/
10 verbose lifecycle eip-server@0.1.0~testws: CWD: /home/xobtah/Projects/EIP-Server
11 silly lifecycle eip-server@0.1.0~testws: Args: [ '-c',
11 silly lifecycle   'docker run --rm -it --network mongodb -v $PWD/test:/opt/test eip-server_sportsfun-server mocha --exit /opt/test/websocket.js' ]
12 silly lifecycle eip-server@0.1.0~testws: Returned: code: 1  signal: null
13 info lifecycle eip-server@0.1.0~testws: Failed to exec testws script
14 verbose stack Error: eip-server@0.1.0 testws: `docker run --rm -it --network mongodb -v $PWD/test:/opt/test eip-server_sportsfun-server mocha --exit /opt/test/websocket.js`
14 verbose stack Exit status 1
14 verbose stack     at EventEmitter.<anonymous> (/usr/lib/node_modules/npm/lib/utils/lifecycle.js:255:16)
14 verbose stack     at emitTwo (events.js:106:13)
14 verbose stack     at EventEmitter.emit (events.js:191:7)
14 verbose stack     at ChildProcess.<anonymous> (/usr/lib/node_modules/npm/lib/utils/spawn.js:40:14)
14 verbose stack     at emitTwo (events.js:106:13)
14 verbose stack     at ChildProcess.emit (events.js:191:7)
14 verbose stack     at maybeClose (internal/child_process.js:920:16)
14 verbose stack     at Process.ChildProcess._handle.onexit (internal/child_process.js:230:5)
15 verbose pkgid eip-server@0.1.0
16 verbose cwd /home/xobtah/Projects/EIP-Server
17 error Linux 4.9.0-6-amd64
18 error argv "/usr/bin/node" "/usr/bin/npm" "run" "testws"
19 error node v6.14.3
20 error npm  v3.10.10
21 error code ELIFECYCLE
22 error eip-server@0.1.0 testws: `docker run --rm -it --network mongodb -v $PWD/test:/opt/test eip-server_sportsfun-server mocha --exit /opt/test/websocket.js`
22 error Exit status 1
23 error Failed at the eip-server@0.1.0 testws script 'docker run --rm -it --network mongodb -v $PWD/test:/opt/test eip-server_sportsfun-server mocha --exit /opt/test/websocket.js'.
23 error Make sure you have the latest version of node.js and npm installed.
23 error If you do, this is most likely a problem with the eip-server package,
23 error not with npm itself.
23 error Tell the author that this fails on your system:
23 error     docker run --rm -it --network mongodb -v $PWD/test:/opt/test eip-server_sportsfun-server mocha --exit /opt/test/websocket.js
23 error You can get information on how to open an issue for this project with:
23 error     npm bugs eip-server
23 error Or if that isn't available, you can get their info via:
23 error     npm owner ls eip-server
23 error There is likely additional logging output above.
24 verbose exit [ 1, true ]
